[INFO  - 2018-07-02T11:28:15.418Z] GhostDriver - Main - running on port 5565
[INFO  - 2018-07-02T11:28:15.915Z] Session [03306550-7deb-11e8-b8bd-c1eb0aebdde2] - page.settings - {"XSSAuditingEnabled":false,"javascriptCanCloseWindows":true,"javascriptCanOpenWindows":true,"javascriptEnabled":true,"loadImages":true,"localToRemoteUrlAccessEnabled":false,"userAgent":"Mozilla/5.0 (Unknown; Linux x86_64) AppleWebKit/538.1 (KHTML, like Gecko) PhantomJS/2.1.1 Safari/538.1","webSecurityEnabled":true}
[INFO  - 2018-07-02T11:28:15.916Z] Session [03306550-7deb-11e8-b8bd-c1eb0aebdde2] - page.customHeaders:  - {}
[INFO  - 2018-07-02T11:28:15.916Z] Session [03306550-7deb-11e8-b8bd-c1eb0aebdde2] - Session.negotiatedCapabilities - {"browserName":"phantomjs","version":"2.1.1","driverName":"ghostdriver","driverVersion":"1.2.0","platform":"linux-unknown-64bit","javascriptEnabled":true,"takesScreenshot":true,"handlesAlerts":false,"databaseEnabled":false,"locationContextEnabled":false,"applicationCacheEnabled":false,"browserConnectionEnabled":false,"cssSelectorsEnabled":true,"webStorageEnabled":false,"rotatable":false,"acceptSslCerts":false,"nativeEvents":true,"proxy":{"proxyAutoconfigUrl":null,"socksUsername":null,"socksPassword":null,"autodetect":false,"httpProxy":"netstorm-TECRA-C50-C:7991","proxyType":"MANUAL","noProxy":null,"ftpProxy":null,"socksProxy":null,"hCode":1077873186,"class":"org.openqa.selenium.Proxy","sslProxy":"netstorm-TECRA-C50-C:7991"}}
[INFO  - 2018-07-02T11:28:15.916Z] SessionManagerReqHand - _postNewSessionCommand - New Session Created: 03306550-7deb-11e8-b8bd-c1eb0aebdde2
[INFO  - 2018-07-02T11:28:19.098Z] ShutdownReqHand - _handle - About to shutdown
[INFO  - 2018-07-02T11:29:12.321Z] GhostDriver - Main - running on port 12950
[INFO  - 2018-07-02T11:29:12.515Z] Session [24ed05e0-7deb-11e8-a4ac-77d7a0c00bce] - page.settings - {"XSSAuditingEnabled":false,"javascriptCanCloseWindows":true,"javascriptCanOpenWindows":true,"javascriptEnabled":true,"loadImages":true,"localToRemoteUrlAccessEnabled":false,"userAgent":"Mozilla/5.0 (Unknown; Linux x86_64) AppleWebKit/538.1 (KHTML, like Gecko) PhantomJS/2.1.1 Safari/538.1","webSecurityEnabled":true}
[INFO  - 2018-07-02T11:29:12.515Z] Session [24ed05e0-7deb-11e8-a4ac-77d7a0c00bce] - page.customHeaders:  - {}
[INFO  - 2018-07-02T11:29:12.515Z] Session [24ed05e0-7deb-11e8-a4ac-77d7a0c00bce] - Session.negotiatedCapabilities - {"browserName":"phantomjs","version":"2.1.1","driverName":"ghostdriver","driverVersion":"1.2.0","platform":"linux-unknown-64bit","javascriptEnabled":true,"takesScreenshot":true,"handlesAlerts":false,"databaseEnabled":false,"locationContextEnabled":false,"applicationCacheEnabled":false,"browserConnectionEnabled":false,"cssSelectorsEnabled":true,"webStorageEnabled":false,"rotatable":false,"acceptSslCerts":false,"nativeEvents":true,"proxy":{"proxyAutoconfigUrl":null,"socksUsername":null,"socksPassword":null,"autodetect":false,"httpProxy":"netstorm-TECRA-C50-C:7991","proxyType":"MANUAL","noProxy":null,"ftpProxy":null,"socksProxy":null,"hCode":1077873186,"class":"org.openqa.selenium.Proxy","sslProxy":"netstorm-TECRA-C50-C:7991"}}
[INFO  - 2018-07-02T11:29:12.515Z] SessionManagerReqHand - _postNewSessionCommand - New Session Created: 24ed05e0-7deb-11e8-a4ac-77d7a0c00bce
[INFO  - 2018-07-02T11:30:44.271Z] GhostDriver - Main - running on port 19561
[INFO  - 2018-07-02T11:30:44.461Z] Session [5bbb0590-7deb-11e8-867e-5b63c40799bc] - page.settings - {"XSSAuditingEnabled":false,"javascriptCanCloseWindows":true,"javascriptCanOpenWindows":true,"javascriptEnabled":true,"loadImages":true,"localToRemoteUrlAccessEnabled":false,"userAgent":"Mozilla/5.0 (Unknown; Linux x86_64) AppleWebKit/538.1 (KHTML, like Gecko) PhantomJS/2.1.1 Safari/538.1","webSecurityEnabled":true}
[INFO  - 2018-07-02T11:30:44.461Z] Session [5bbb0590-7deb-11e8-867e-5b63c40799bc] - page.customHeaders:  - {}
[INFO  - 2018-07-02T11:30:44.461Z] Session [5bbb0590-7deb-11e8-867e-5b63c40799bc] - Session.negotiatedCapabilities - {"browserName":"phantomjs","version":"2.1.1","driverName":"ghostdriver","driverVersion":"1.2.0","platform":"linux-unknown-64bit","javascriptEnabled":true,"takesScreenshot":true,"handlesAlerts":false,"databaseEnabled":false,"locationContextEnabled":false,"applicationCacheEnabled":false,"browserConnectionEnabled":false,"cssSelectorsEnabled":true,"webStorageEnabled":false,"rotatable":false,"acceptSslCerts":false,"nativeEvents":true,"proxy":{"proxyAutoconfigUrl":null,"socksUsername":null,"socksPassword":null,"autodetect":false,"httpProxy":"netstorm-TECRA-C50-C:7991","proxyType":"MANUAL","noProxy":null,"ftpProxy":null,"socksProxy":null,"hCode":1077873186,"class":"org.openqa.selenium.Proxy","sslProxy":"netstorm-TECRA-C50-C:7991"}}
[INFO  - 2018-07-02T11:30:44.462Z] SessionManagerReqHand - _postNewSessionCommand - New Session Created: 5bbb0590-7deb-11e8-867e-5b63c40799bc
[INFO  - 2018-07-02T11:30:47.283Z] ShutdownReqHand - _handle - About to shutdown
[INFO  - 2018-07-02T11:31:59.419Z] GhostDriver - Main - running on port 10040
[INFO  - 2018-07-02T11:31:59.618Z] Session [888711e0-7deb-11e8-8612-618f9dfbd20c] - page.settings - {"XSSAuditingEnabled":false,"javascriptCanCloseWindows":true,"javascriptCanOpenWindows":true,"javascriptEnabled":true,"loadImages":true,"localToRemoteUrlAccessEnabled":false,"userAgent":"Mozilla/5.0 (Unknown; Linux x86_64) AppleWebKit/538.1 (KHTML, like Gecko) PhantomJS/2.1.1 Safari/538.1","webSecurityEnabled":true}
[INFO  - 2018-07-02T11:31:59.618Z] Session [888711e0-7deb-11e8-8612-618f9dfbd20c] - page.customHeaders:  - {}
[INFO  - 2018-07-02T11:31:59.619Z] Session [888711e0-7deb-11e8-8612-618f9dfbd20c] - Session.negotiatedCapabilities - {"browserName":"phantomjs","version":"2.1.1","driverName":"ghostdriver","driverVersion":"1.2.0","platform":"linux-unknown-64bit","javascriptEnabled":true,"takesScreenshot":true,"handlesAlerts":false,"databaseEnabled":false,"locationContextEnabled":false,"applicationCacheEnabled":false,"browserConnectionEnabled":false,"cssSelectorsEnabled":true,"webStorageEnabled":false,"rotatable":false,"acceptSslCerts":false,"nativeEvents":true,"proxy":{"proxyAutoconfigUrl":null,"socksUsername":null,"socksPassword":null,"autodetect":false,"httpProxy":"netstorm-TECRA-C50-C:7991","proxyType":"MANUAL","noProxy":null,"ftpProxy":null,"socksProxy":null,"hCode":1077873186,"class":"org.openqa.selenium.Proxy","sslProxy":"netstorm-TECRA-C50-C:7991"}}
[INFO  - 2018-07-02T11:31:59.619Z] SessionManagerReqHand - _postNewSessionCommand - New Session Created: 888711e0-7deb-11e8-8612-618f9dfbd20c
[INFO  - 2018-07-02T11:32:02.906Z] ShutdownReqHand - _handle - About to shutdown
[INFO  - 2018-07-02T11:34:12.322Z] SessionManagerReqHand - _cleanupWindowlessSessions - Asynchronous Sessions clean-up phase starting NOW
[INFO  - 2018-07-02T11:37:18.348Z] GhostDriver - Main - running on port 9995
[INFO  - 2018-07-02T11:37:18.541Z] Session [469edb90-7dec-11e8-af49-a7fd470a3b67] - page.settings - {"XSSAuditingEnabled":false,"javascriptCanCloseWindows":true,"javascriptCanOpenWindows":true,"javascriptEnabled":true,"loadImages":true,"localToRemoteUrlAccessEnabled":false,"userAgent":"Mozilla/5.0 (Unknown; Linux x86_64) AppleWebKit/538.1 (KHTML, like Gecko) PhantomJS/2.1.1 Safari/538.1","webSecurityEnabled":true}
[INFO  - 2018-07-02T11:37:18.541Z] Session [469edb90-7dec-11e8-af49-a7fd470a3b67] - page.customHeaders:  - {}
[INFO  - 2018-07-02T11:37:18.541Z] Session [469edb90-7dec-11e8-af49-a7fd470a3b67] - Session.negotiatedCapabilities - {"browserName":"phantomjs","version":"2.1.1","driverName":"ghostdriver","driverVersion":"1.2.0","platform":"linux-unknown-64bit","javascriptEnabled":true,"takesScreenshot":true,"handlesAlerts":false,"databaseEnabled":false,"locationContextEnabled":false,"applicationCacheEnabled":false,"browserConnectionEnabled":false,"cssSelectorsEnabled":true,"webStorageEnabled":false,"rotatable":false,"acceptSslCerts":false,"nativeEvents":true,"proxy":{"proxyType":"direct"}}
[INFO  - 2018-07-02T11:37:18.542Z] SessionManagerReqHand - _postNewSessionCommand - New Session Created: 469edb90-7dec-11e8-af49-a7fd470a3b67
[INFO  - 2018-07-02T11:37:22.170Z] ShutdownReqHand - _handle - About to shutdown
[INFO  - 2018-07-02T11:39:12.323Z] SessionManagerReqHand - _cleanupWindowlessSessions - Asynchronous Sessions clean-up phase starting NOW
[INFO  - 2018-07-02T11:39:26.148Z] GhostDriver - Main - running on port 18907
[INFO  - 2018-07-02T11:39:26.352Z] Session [92ccf6a0-7dec-11e8-91cd-e30065a80dd5] - page.settings - {"XSSAuditingEnabled":false,"javascriptCanCloseWindows":true,"javascriptCanOpenWindows":true,"javascriptEnabled":true,"loadImages":true,"localToRemoteUrlAccessEnabled":false,"userAgent":"Mozilla/5.0 (Unknown; Linux x86_64) AppleWebKit/538.1 (KHTML, like Gecko) PhantomJS/2.1.1 Safari/538.1","webSecurityEnabled":true}
[INFO  - 2018-07-02T11:39:26.352Z] Session [92ccf6a0-7dec-11e8-91cd-e30065a80dd5] - page.customHeaders:  - {}
[INFO  - 2018-07-02T11:39:26.352Z] Session [92ccf6a0-7dec-11e8-91cd-e30065a80dd5] - Session.negotiatedCapabilities - {"browserName":"phantomjs","version":"2.1.1","driverName":"ghostdriver","driverVersion":"1.2.0","platform":"linux-unknown-64bit","javascriptEnabled":true,"takesScreenshot":true,"handlesAlerts":false,"databaseEnabled":false,"locationContextEnabled":false,"applicationCacheEnabled":false,"browserConnectionEnabled":false,"cssSelectorsEnabled":true,"webStorageEnabled":false,"rotatable":false,"acceptSslCerts":false,"nativeEvents":true,"proxy":{"proxyType":"direct"}}
[INFO  - 2018-07-02T11:39:26.352Z] SessionManagerReqHand - _postNewSessionCommand - New Session Created: 92ccf6a0-7dec-11e8-91cd-e30065a80dd5
[INFO  - 2018-07-02T11:39:36.330Z] ShutdownReqHand - _handle - About to shutdown
[INFO  - 2018-07-02T11:42:42.760Z] GhostDriver - Main - running on port 17286
[INFO  - 2018-07-02T11:42:42.960Z] Session [07fd44c0-7ded-11e8-83e7-f72e92fe896d] - page.settings - {"XSSAuditingEnabled":false,"javascriptCanCloseWindows":true,"javascriptCanOpenWindows":true,"javascriptEnabled":true,"loadImages":true,"localToRemoteUrlAccessEnabled":false,"userAgent":"Mozilla/5.0 (Unknown; Linux x86_64) AppleWebKit/538.1 (KHTML, like Gecko) PhantomJS/2.1.1 Safari/538.1","webSecurityEnabled":false}
[INFO  - 2018-07-02T11:42:42.960Z] Session [07fd44c0-7ded-11e8-83e7-f72e92fe896d] - page.customHeaders:  - {}
[INFO  - 2018-07-02T11:42:42.960Z] Session [07fd44c0-7ded-11e8-83e7-f72e92fe896d] - Session.negotiatedCapabilities - {"browserName":"phantomjs","version":"2.1.1","driverName":"ghostdriver","driverVersion":"1.2.0","platform":"linux-unknown-64bit","javascriptEnabled":true,"takesScreenshot":true,"handlesAlerts":false,"databaseEnabled":false,"locationContextEnabled":false,"applicationCacheEnabled":false,"browserConnectionEnabled":false,"cssSelectorsEnabled":true,"webStorageEnabled":false,"rotatable":false,"acceptSslCerts":false,"nativeEvents":true,"proxy":{"proxyType":"direct"}}
[INFO  - 2018-07-02T11:42:42.960Z] SessionManagerReqHand - _postNewSessionCommand - New Session Created: 07fd44c0-7ded-11e8-83e7-f72e92fe896d
[INFO  - 2018-07-02T11:42:52.938Z] ShutdownReqHand - _handle - About to shutdown
[INFO  - 2018-07-02T11:43:37.442Z] GhostDriver - Main - running on port 28031
[INFO  - 2018-07-02T11:43:37.632Z] Session [28938dc0-7ded-11e8-83c2-9bbd67221fd9] - page.settings - {"XSSAuditingEnabled":false,"javascriptCanCloseWindows":true,"javascriptCanOpenWindows":true,"javascriptEnabled":true,"loadImages":true,"localToRemoteUrlAccessEnabled":false,"userAgent":"Mozilla/5.0 (Unknown; Linux x86_64) AppleWebKit/538.1 (KHTML, like Gecko) PhantomJS/2.1.1 Safari/538.1","webSecurityEnabled":false}
[INFO  - 2018-07-02T11:43:37.632Z] Session [28938dc0-7ded-11e8-83c2-9bbd67221fd9] - page.customHeaders:  - {}
[INFO  - 2018-07-02T11:43:37.634Z] Session [28938dc0-7ded-11e8-83c2-9bbd67221fd9] - Session.negotiatedCapabilities - {"browserName":"phantomjs","version":"2.1.1","driverName":"ghostdriver","driverVersion":"1.2.0","platform":"linux-unknown-64bit","javascriptEnabled":true,"takesScreenshot":true,"handlesAlerts":false,"databaseEnabled":false,"locationContextEnabled":false,"applicationCacheEnabled":false,"browserConnectionEnabled":false,"cssSelectorsEnabled":true,"webStorageEnabled":false,"rotatable":false,"acceptSslCerts":false,"nativeEvents":true,"proxy":{"proxyType":"direct"}}
[INFO  - 2018-07-02T11:43:37.634Z] SessionManagerReqHand - _postNewSessionCommand - New Session Created: 28938dc0-7ded-11e8-83c2-9bbd67221fd9
[INFO  - 2018-07-02T11:43:51.060Z] ShutdownReqHand - _handle - About to shutdown
[INFO  - 2018-07-02T11:44:12.322Z] SessionManagerReqHand - _cleanupWindowlessSessions - Asynchronous Sessions clean-up phase starting NOW
[INFO  - 2018-07-02T11:49:12.323Z] SessionManagerReqHand - _cleanupWindowlessSessions - Asynchronous Sessions clean-up phase starting NOW
[INFO  - 2018-07-02T11:53:36.938Z] GhostDriver - Main - running on port 1493
[INFO  - 2018-07-02T11:53:37.149Z] Session [8dea9690-7dee-11e8-9218-25cb9055324d] - page.settings - {"XSSAuditingEnabled":false,"javascriptCanCloseWindows":true,"javascriptCanOpenWindows":true,"javascriptEnabled":true,"loadImages":true,"localToRemoteUrlAccessEnabled":false,"userAgent":"Mozilla/5.0 (Unknown; Linux x86_64) AppleWebKit/538.1 (KHTML, like Gecko) PhantomJS/2.1.1 Safari/538.1","webSecurityEnabled":false}
[INFO  - 2018-07-02T11:53:37.149Z] Session [8dea9690-7dee-11e8-9218-25cb9055324d] - page.customHeaders:  - {}
[INFO  - 2018-07-02T11:53:37.149Z] Session [8dea9690-7dee-11e8-9218-25cb9055324d] - Session.negotiatedCapabilities - {"browserName":"phantomjs","version":"2.1.1","driverName":"ghostdriver","driverVersion":"1.2.0","platform":"linux-unknown-64bit","javascriptEnabled":true,"takesScreenshot":true,"handlesAlerts":false,"databaseEnabled":false,"locationContextEnabled":false,"applicationCacheEnabled":false,"browserConnectionEnabled":false,"cssSelectorsEnabled":true,"webStorageEnabled":false,"rotatable":false,"acceptSslCerts":false,"nativeEvents":true,"proxy":{"proxyType":"direct"}}
[INFO  - 2018-07-02T11:53:37.151Z] SessionManagerReqHand - _postNewSessionCommand - New Session Created: 8dea9690-7dee-11e8-9218-25cb9055324d
[INFO  - 2018-07-02T11:53:50.405Z] ShutdownReqHand - _handle - About to shutdown
[INFO  - 2018-07-02T11:54:12.323Z] SessionManagerReqHand - _cleanupWindowlessSessions - Asynchronous Sessions clean-up phase starting NOW
[INFO  - 2018-07-02T11:59:12.323Z] SessionManagerReqHand - _cleanupWindowlessSessions - Asynchronous Sessions clean-up phase starting NOW
[INFO  - 2018-07-02T11:59:48.264Z] GhostDriver - Main - running on port 10479
[INFO  - 2018-07-02T11:59:48.459Z] Session [6b3bff70-7def-11e8-a708-71b0108f68b3] - page.settings - {"XSSAuditingEnabled":false,"javascriptCanCloseWindows":true,"javascriptCanOpenWindows":true,"javascriptEnabled":true,"loadImages":true,"localToRemoteUrlAccessEnabled":false,"userAgent":"Mozilla/5.0 (Unknown; Linux x86_64) AppleWebKit/538.1 (KHTML, like Gecko) PhantomJS/2.1.1 Safari/538.1","webSecurityEnabled":false}
[INFO  - 2018-07-02T11:59:48.460Z] Session [6b3bff70-7def-11e8-a708-71b0108f68b3] - page.customHeaders:  - {}
[INFO  - 2018-07-02T11:59:48.460Z] Session [6b3bff70-7def-11e8-a708-71b0108f68b3] - Session.negotiatedCapabilities - {"browserName":"phantomjs","version":"2.1.1","driverName":"ghostdriver","driverVersion":"1.2.0","platform":"linux-unknown-64bit","javascriptEnabled":true,"takesScreenshot":true,"handlesAlerts":false,"databaseEnabled":false,"locationContextEnabled":false,"applicationCacheEnabled":false,"browserConnectionEnabled":false,"cssSelectorsEnabled":true,"webStorageEnabled":false,"rotatable":false,"acceptSslCerts":false,"nativeEvents":true,"proxy":{"proxyType":"direct"}}
[INFO  - 2018-07-02T11:59:48.460Z] SessionManagerReqHand - _postNewSessionCommand - New Session Created: 6b3bff70-7def-11e8-a708-71b0108f68b3
[INFO  - 2018-07-02T12:00:01.292Z] ShutdownReqHand - _handle - About to shutdown
[INFO  - 2018-07-02T12:04:12.323Z] SessionManagerReqHand - _cleanupWindowlessSessions - Asynchronous Sessions clean-up phase starting NOW
[INFO  - 2018-07-02T12:07:17.513Z] GhostDriver - Main - running on port 21067
[INFO  - 2018-07-02T12:07:17.705Z] Session [77017f50-7df0-11e8-bd62-af2cd6b2c98c] - page.settings - {"XSSAuditingEnabled":false,"javascriptCanCloseWindows":true,"javascriptCanOpenWindows":true,"javascriptEnabled":true,"loadImages":true,"localToRemoteUrlAccessEnabled":false,"userAgent":"Mozilla/5.0 (Unknown; Linux x86_64) AppleWebKit/538.1 (KHTML, like Gecko) PhantomJS/2.1.1 Safari/538.1","webSecurityEnabled":false}
[INFO  - 2018-07-02T12:07:17.705Z] Session [77017f50-7df0-11e8-bd62-af2cd6b2c98c] - page.customHeaders:  - {}
[INFO  - 2018-07-02T12:07:17.705Z] Session [77017f50-7df0-11e8-bd62-af2cd6b2c98c] - Session.negotiatedCapabilities - {"browserName":"phantomjs","version":"2.1.1","driverName":"ghostdriver","driverVersion":"1.2.0","platform":"linux-unknown-64bit","javascriptEnabled":true,"takesScreenshot":true,"handlesAlerts":false,"databaseEnabled":false,"locationContextEnabled":false,"applicationCacheEnabled":false,"browserConnectionEnabled":false,"cssSelectorsEnabled":true,"webStorageEnabled":false,"rotatable":false,"acceptSslCerts":false,"nativeEvents":true,"proxy":{"proxyType":"direct"}}
[INFO  - 2018-07-02T12:07:17.706Z] SessionManagerReqHand - _postNewSessionCommand - New Session Created: 77017f50-7df0-11e8-bd62-af2cd6b2c98c
[INFO  - 2018-07-02T12:07:31.056Z] ShutdownReqHand - _handle - About to shutdown
[INFO  - 2018-07-02T12:07:56.368Z] GhostDriver - Main - running on port 18951
[INFO  - 2018-07-02T12:07:56.556Z] Session [8e29b080-7df0-11e8-9897-d3465b6c18c3] - page.settings - {"XSSAuditingEnabled":false,"javascriptCanCloseWindows":true,"javascriptCanOpenWindows":true,"javascriptEnabled":true,"loadImages":true,"localToRemoteUrlAccessEnabled":false,"userAgent":"Mozilla/5.0 (Unknown; Linux x86_64) AppleWebKit/538.1 (KHTML, like Gecko) PhantomJS/2.1.1 Safari/538.1","webSecurityEnabled":false}
[INFO  - 2018-07-02T12:07:56.556Z] Session [8e29b080-7df0-11e8-9897-d3465b6c18c3] - page.customHeaders:  - {}
[INFO  - 2018-07-02T12:07:56.557Z] Session [8e29b080-7df0-11e8-9897-d3465b6c18c3] - Session.negotiatedCapabilities - {"browserName":"phantomjs","version":"2.1.1","driverName":"ghostdriver","driverVersion":"1.2.0","platform":"linux-unknown-64bit","javascriptEnabled":true,"takesScreenshot":true,"handlesAlerts":false,"databaseEnabled":false,"locationContextEnabled":false,"applicationCacheEnabled":false,"browserConnectionEnabled":false,"cssSelectorsEnabled":true,"webStorageEnabled":false,"rotatable":false,"acceptSslCerts":false,"nativeEvents":true,"proxy":{"proxyType":"direct"}}
[INFO  - 2018-07-02T12:07:56.557Z] SessionManagerReqHand - _postNewSessionCommand - New Session Created: 8e29b080-7df0-11e8-9897-d3465b6c18c3
[INFO  - 2018-07-02T12:08:08.829Z] ShutdownReqHand - _handle - About to shutdown
[INFO  - 2018-07-02T12:09:12.323Z] SessionManagerReqHand - _cleanupWindowlessSessions - Asynchronous Sessions clean-up phase starting NOW
[INFO  - 2018-07-02T12:14:12.323Z] SessionManagerReqHand - _cleanupWindowlessSessions - Asynchronous Sessions clean-up phase starting NOW
[INFO  - 2018-07-02T12:15:12.965Z] GhostDriver - Main - running on port 16453
[INFO  - 2018-07-02T12:15:13.160Z] Session [92662c40-7df1-11e8-9bc7-0d4b3f59fdda] - page.settings - {"XSSAuditingEnabled":false,"javascriptCanCloseWindows":true,"javascriptCanOpenWindows":true,"javascriptEnabled":true,"loadImages":true,"localToRemoteUrlAccessEnabled":false,"userAgent":"Mozilla/5.0 (Unknown; Linux x86_64) AppleWebKit/538.1 (KHTML, like Gecko) PhantomJS/2.1.1 Safari/538.1","webSecurityEnabled":false}
[INFO  - 2018-07-02T12:15:13.160Z] Session [92662c40-7df1-11e8-9bc7-0d4b3f59fdda] - page.customHeaders:  - {}
[INFO  - 2018-07-02T12:15:13.160Z] Session [92662c40-7df1-11e8-9bc7-0d4b3f59fdda] - Session.negotiatedCapabilities - {"browserName":"phantomjs","version":"2.1.1","driverName":"ghostdriver","driverVersion":"1.2.0","platform":"linux-unknown-64bit","javascriptEnabled":true,"takesScreenshot":true,"handlesAlerts":false,"databaseEnabled":false,"locationContextEnabled":false,"applicationCacheEnabled":false,"browserConnectionEnabled":false,"cssSelectorsEnabled":true,"webStorageEnabled":false,"rotatable":false,"acceptSslCerts":false,"nativeEvents":true,"proxy":{"proxyType":"direct"}}
[INFO  - 2018-07-02T12:15:13.160Z] SessionManagerReqHand - _postNewSessionCommand - New Session Created: 92662c40-7df1-11e8-9bc7-0d4b3f59fdda
[INFO  - 2018-07-02T12:15:25.203Z] ShutdownReqHand - _handle - About to shutdown
[INFO  - 2018-07-02T12:16:40.279Z] GhostDriver - Main - running on port 3582
[INFO  - 2018-07-02T12:16:40.471Z] Session [c670c630-7df1-11e8-a175-33b1786bb0f3] - page.settings - {"XSSAuditingEnabled":false,"javascriptCanCloseWindows":true,"javascriptCanOpenWindows":true,"javascriptEnabled":true,"loadImages":true,"localToRemoteUrlAccessEnabled":false,"userAgent":"Mozilla/5.0 (Unknown; Linux x86_64) AppleWebKit/538.1 (KHTML, like Gecko) PhantomJS/2.1.1 Safari/538.1","webSecurityEnabled":false}
[INFO  - 2018-07-02T12:16:40.471Z] Session [c670c630-7df1-11e8-a175-33b1786bb0f3] - page.customHeaders:  - {}
[INFO  - 2018-07-02T12:16:40.471Z] Session [c670c630-7df1-11e8-a175-33b1786bb0f3] - Session.negotiatedCapabilities - {"browserName":"phantomjs","version":"2.1.1","driverName":"ghostdriver","driverVersion":"1.2.0","platform":"linux-unknown-64bit","javascriptEnabled":true,"takesScreenshot":true,"handlesAlerts":false,"databaseEnabled":false,"locationContextEnabled":false,"applicationCacheEnabled":false,"browserConnectionEnabled":false,"cssSelectorsEnabled":true,"webStorageEnabled":false,"rotatable":false,"acceptSslCerts":false,"nativeEvents":true,"proxy":{"proxyType":"direct"}}
[INFO  - 2018-07-02T12:16:40.471Z] SessionManagerReqHand - _postNewSessionCommand - New Session Created: c670c630-7df1-11e8-a175-33b1786bb0f3
[INFO  - 2018-07-02T12:16:53.238Z] ShutdownReqHand - _handle - About to shutdown
[INFO  - 2018-07-02T12:17:28.766Z] GhostDriver - Main - running on port 21222
[INFO  - 2018-07-02T12:17:28.949Z] Session [e355ee10-7df1-11e8-a572-1143a5f000bc] - page.settings - {"XSSAuditingEnabled":false,"javascriptCanCloseWindows":true,"javascriptCanOpenWindows":true,"javascriptEnabled":true,"loadImages":true,"localToRemoteUrlAccessEnabled":false,"userAgent":"Mozilla/5.0 (Unknown; Linux x86_64) AppleWebKit/538.1 (KHTML, like Gecko) PhantomJS/2.1.1 Safari/538.1","webSecurityEnabled":false}
[INFO  - 2018-07-02T12:17:28.949Z] Session [e355ee10-7df1-11e8-a572-1143a5f000bc] - page.customHeaders:  - {}
[INFO  - 2018-07-02T12:17:28.950Z] Session [e355ee10-7df1-11e8-a572-1143a5f000bc] - Session.negotiatedCapabilities - {"browserName":"phantomjs","version":"2.1.1","driverName":"ghostdriver","driverVersion":"1.2.0","platform":"linux-unknown-64bit","javascriptEnabled":true,"takesScreenshot":true,"handlesAlerts":false,"databaseEnabled":false,"locationContextEnabled":false,"applicationCacheEnabled":false,"browserConnectionEnabled":false,"cssSelectorsEnabled":true,"webStorageEnabled":false,"rotatable":false,"acceptSslCerts":false,"nativeEvents":true,"proxy":{"proxyType":"direct"}}
[INFO  - 2018-07-02T12:17:28.952Z] SessionManagerReqHand - _postNewSessionCommand - New Session Created: e355ee10-7df1-11e8-a572-1143a5f000bc
[INFO  - 2018-07-02T12:17:41.805Z] ShutdownReqHand - _handle - About to shutdown
[INFO  - 2018-07-02T12:19:12.323Z] SessionManagerReqHand - _cleanupWindowlessSessions - Asynchronous Sessions clean-up phase starting NOW
[INFO  - 2018-07-02T12:21:08.413Z] GhostDriver - Main - running on port 18319
[INFO  - 2018-07-02T12:21:08.626Z] Session [6645fae0-7df2-11e8-b6df-91d03ea00e27] - page.settings - {"XSSAuditingEnabled":false,"javascriptCanCloseWindows":true,"javascriptCanOpenWindows":true,"javascriptEnabled":true,"loadImages":true,"localToRemoteUrlAccessEnabled":false,"userAgent":"Mozilla/5.0 (Unknown; Linux x86_64) AppleWebKit/538.1 (KHTML, like Gecko) PhantomJS/2.1.1 Safari/538.1","webSecurityEnabled":false}
[INFO  - 2018-07-02T12:21:08.626Z] Session [6645fae0-7df2-11e8-b6df-91d03ea00e27] - page.customHeaders:  - {}
[INFO  - 2018-07-02T12:21:08.627Z] Session [6645fae0-7df2-11e8-b6df-91d03ea00e27] - Session.negotiatedCapabilities - {"browserName":"phantomjs","version":"2.1.1","driverName":"ghostdriver","driverVersion":"1.2.0","platform":"linux-unknown-64bit","javascriptEnabled":true,"takesScreenshot":true,"handlesAlerts":false,"databaseEnabled":false,"locationContextEnabled":false,"applicationCacheEnabled":false,"browserConnectionEnabled":false,"cssSelectorsEnabled":true,"webStorageEnabled":false,"rotatable":false,"acceptSslCerts":false,"nativeEvents":true,"proxy":{"proxyType":"direct"}}
[INFO  - 2018-07-02T12:21:08.627Z] SessionManagerReqHand - _postNewSessionCommand - New Session Created: 6645fae0-7df2-11e8-b6df-91d03ea00e27
[INFO  - 2018-07-02T12:21:20.584Z] ShutdownReqHand - _handle - About to shutdown
[INFO  - 2018-07-02T12:24:12.323Z] SessionManagerReqHand - _cleanupWindowlessSessions - Asynchronous Sessions clean-up phase starting NOW
[INFO  - 2018-07-02T12:29:12.323Z] SessionManagerReqHand - _cleanupWindowlessSessions - Asynchronous Sessions clean-up phase starting NOW
[INFO  - 2018-07-02T12:34:12.323Z] SessionManagerReqHand - _cleanupWindowlessSessions - Asynchronous Sessions clean-up phase starting NOW
[INFO  - 2018-07-02T12:39:12.323Z] SessionManagerReqHand - _cleanupWindowlessSessions - Asynchronous Sessions clean-up phase starting NOW
[INFO  - 2018-07-02T12:44:12.323Z] SessionManagerReqHand - _cleanupWindowlessSessions - Asynchronous Sessions clean-up phase starting NOW
[INFO  - 2018-07-02T12:49:12.323Z] SessionManagerReqHand - _cleanupWindowlessSessions - Asynchronous Sessions clean-up phase starting NOW
[INFO  - 2018-07-02T12:54:12.323Z] SessionManagerReqHand - _cleanupWindowlessSessions - Asynchronous Sessions clean-up phase starting NOW
[INFO  - 2018-07-02T12:59:12.323Z] SessionManagerReqHand - _cleanupWindowlessSessions - Asynchronous Sessions clean-up phase starting NOW
[INFO  - 2018-07-02T13:04:12.323Z] SessionManagerReqHand - _cleanupWindowlessSessions - Asynchronous Sessions clean-up phase starting NOW
[INFO  - 2018-07-02T13:09:12.323Z] SessionManagerReqHand - _cleanupWindowlessSessions - Asynchronous Sessions clean-up phase starting NOW
[INFO  - 2018-07-02T13:14:12.323Z] SessionManagerReqHand - _cleanupWindowlessSessions - Asynchronous Sessions clean-up phase starting NOW
[INFO  - 2018-07-02T13:19:12.323Z] SessionManagerReqHand - _cleanupWindowlessSessions - Asynchronous Sessions clean-up phase starting NOW
[INFO  - 2018-07-02T13:24:12.323Z] SessionManagerReqHand - _cleanupWindowlessSessions - Asynchronous Sessions clean-up phase starting NOW
[INFO  - 2018-07-02T13:29:12.323Z] SessionManagerReqHand - _cleanupWindowlessSessions - Asynchronous Sessions clean-up phase starting NOW
[INFO  - 2018-07-02T13:34:12.323Z] SessionManagerReqHand - _cleanupWindowlessSessions - Asynchronous Sessions clean-up phase starting NOW
[INFO  - 2018-07-02T13:39:12.323Z] SessionManagerReqHand - _cleanupWindowlessSessions - Asynchronous Sessions clean-up phase starting NOW
[INFO  - 2018-07-02T13:44:12.323Z] SessionManagerReqHand - _cleanupWindowlessSessions - Asynchronous Sessions clean-up phase starting NOW
[INFO  - 2018-07-02T13:49:12.323Z] SessionManagerReqHand - _cleanupWindowlessSessions - Asynchronous Sessions clean-up phase starting NOW
[INFO  - 2018-07-02T13:54:12.323Z] SessionManagerReqHand - _cleanupWindowlessSessions - Asynchronous Sessions clean-up phase starting NOW
[INFO  - 2018-07-02T13:59:12.323Z] SessionManagerReqHand - _cleanupWindowlessSessions - Asynchronous Sessions clean-up phase starting NOW
[INFO  - 2018-07-02T14:04:12.323Z] SessionManagerReqHand - _cleanupWindowlessSessions - Asynchronous Sessions clean-up phase starting NOW
[INFO  - 2018-07-02T14:09:12.324Z] SessionManagerReqHand - _cleanupWindowlessSessions - Asynchronous Sessions clean-up phase starting NOW
[INFO  - 2018-07-02T14:14:12.323Z] SessionManagerReqHand - _cleanupWindowlessSessions - Asynchronous Sessions clean-up phase starting NOW
[INFO  - 2018-07-02T14:19:12.323Z] SessionManagerReqHand - _cleanupWindowlessSessions - Asynchronous Sessions clean-up phase starting NOW
[INFO  - 2018-07-02T14:24:12.323Z] SessionManagerReqHand - _cleanupWindowlessSessions - Asynchronous Sessions clean-up phase starting NOW
[INFO  - 2018-09-14T07:33:21.234Z] GhostDriver - Main - running on port 13704
[INFO  - 2018-09-14T07:33:21.732Z] Session [74f816d0-b7f0-11e8-be8b-c9f25a181c93] - page.settings - {"XSSAuditingEnabled":false,"javascriptCanCloseWindows":true,"javascriptCanOpenWindows":true,"javascriptEnabled":true,"loadImages":true,"localToRemoteUrlAccessEnabled":false,"userAgent":"Mozilla/5.0 (Unknown; Linux x86_64) AppleWebKit/538.1 (KHTML, like Gecko) PhantomJS/2.1.1 Safari/538.1","webSecurityEnabled":false}
[INFO  - 2018-09-14T07:33:21.732Z] Session [74f816d0-b7f0-11e8-be8b-c9f25a181c93] - page.customHeaders:  - {}
[INFO  - 2018-09-14T07:33:21.732Z] Session [74f816d0-b7f0-11e8-be8b-c9f25a181c93] - Session.negotiatedCapabilities - {"browserName":"phantomjs","version":"2.1.1","driverName":"ghostdriver","driverVersion":"1.2.0","platform":"linux-unknown-64bit","javascriptEnabled":true,"takesScreenshot":true,"handlesAlerts":false,"databaseEnabled":false,"locationContextEnabled":false,"applicationCacheEnabled":false,"browserConnectionEnabled":false,"cssSelectorsEnabled":true,"webStorageEnabled":false,"rotatable":false,"acceptSslCerts":false,"nativeEvents":true,"proxy":{"proxyType":"direct"}}
[INFO  - 2018-09-14T07:33:21.732Z] SessionManagerReqHand - _postNewSessionCommand - New Session Created: 74f816d0-b7f0-11e8-be8b-c9f25a181c93
[ERROR - 2018-09-14T07:33:36.826Z] Session [74f816d0-b7f0-11e8-be8b-c9f25a181c93] - page.onError - msg: TypeError: null is not an object (evaluating 'gapi.iframes.getContext().getParentIframe().send')
[ERROR - 2018-09-14T07:33:36.826Z] Session [74f816d0-b7f0-11e8-be8b-c9f25a181c93] - page.onError - stack:
  (anonymous function) (https://www.blogger.com/followers.g?blogID=7986035302119221339&colors=Cgt0cmFuc3BhcmVudBILdHJhbnNwYXJlbnQaByMyMjIyMjIiByM5OTMzMDAqByNmZmY5ZWUyByMwMDAwMDA6ByMyMjIyMjJCByM5OTMzMDBKByM5OTk5OTlSByM5OTMzMDBaC3RyYW5zcGFyZW50&pageSize=21&origin=https%3A%2F%2Fautomationranjeet.blogspot.com%2F&usegapi=1&jsh=m%3B%2F_%2Fscs%2Fapps-static%2F_%2Fjs%2Fk%3Doz.gapi.en_US.V_luGqZgD1M.O%2Fam%3DwQ%2Frt%3Dj%2Fd%3D1%2Frs%3DAGLTcCMtTwErWeA6xprCHA-UaUs3JNrsaA%2Fm%3D__features__&bpli=1:124)
  (anonymous function) (https://apis.google.com/js/plusone.js:18)
  Oa (https://apis.google.com/js/plusone.js:10)
  b (https://apis.google.com/js/plusone.js:18)
  (anonymous function) (https://apis.google.com/js/plusone.js:18)
  c (https://apis.google.com/js/plusone.js:18)
  (anonymous function) (https://apis.google.com/js/plusone.js:18)
  Oa (https://apis.google.com/js/plusone.js:10)
  b (https://apis.google.com/js/plusone.js:18)
  (anonymous function) (https://apis.google.com/js/plusone.js:18)
  c (https://apis.google.com/js/plusone.js:18)
  (anonymous function) (https://apis.google.com/js/plusone.js:18)
  Oa (https://apis.google.com/js/plusone.js:10)
  b (https://apis.google.com/js/plusone.js:18)
  (anonymous function) (https://apis.google.com/js/plusone.js:18)
  (anonymous function) (https://apis.google.com/js/plusone.js:18)
[INFO  - 2018-09-14T07:33:48.428Z] ShutdownReqHand - _handle - About to shutdown
